<?xml version="1.0" encoding="UTF-8"?>
<testsuite name="AppTest" tests="1" skipped="0" failures="0" errors="0" timestamp="2015-08-15T00:35:09" hostname="epicodus-108.local" time="0.0">
  <properties/>
  <testcase name="wordReturns_withReplaced_Vowels_1" classname="AppTest" time="0.0"/>
  <system-out><![CDATA[]]></system-out>
  <system-err><![CDATA[]]></system-err>
</testsuite>
